<?xml version="1.0" encoding="UTF-8"?>
<!-- Generated by org.testng.reporters.JUnitXMLReporter -->
<testsuite ignored="20" hostname="DESKTOP-M1AAM1H" failures="1" tests="2" name="Default test(failed)" time="129.942" errors="0" timestamp="2020-08-09T15:11:40 IST">
  <testcase classname="com.yourlogo.test.Test_Registration" name="firstNameInvalid" time="27.562"/>
  <testcase classname="com.yourlogo.test.Test_Registration" name="passwordBlank" time="71.493">
    <failure type="org.openqa.selenium.remote.UnreachableBrowserException" message="Error communicating with the remote browser. It may have died.
Build info: version: &amp;apos;4.0.0-alpha-5&amp;apos;, revision: &amp;apos;b3a0d621cc&amp;apos;
System info: host: &amp;apos;DESKTOP-M1AAM1H&amp;apos;, ip: &amp;apos;192.168.56.1&amp;apos;, os.name: &amp;apos;Windows 10&amp;apos;, os.arch: &amp;apos;amd64&amp;apos;, os.version: &amp;apos;10.0&amp;apos;, java.version: &amp;apos;11.0.3&amp;apos;
Driver info: driver.version: RemoteWebDriver
Capabilities {acceptInsecureCerts: false, browserName: chrome, browserVersion: 84.0.4147.105, chrome: {chromedriverVersion: 84.0.4147.30 (48b3e868b4cc0..., userDataDir: C:\Users\sugat\AppData\Loca...}, goog:chromeOptions: {debuggerAddress: localhost:61015}, javascriptEnabled: true, networkConnectionEnabled: false, pageLoadStrategy: normal, platform: WINDOWS, platformName: WINDOWS, proxy: Proxy(), setWindowRect: true, strictFileInteractability: false, timeouts: {implicit: 0, pageLoad: 300000, script: 30000}, unhandledPromptBehavior: dismiss and notify, webauthn:virtualAuthenticators: true}
Session ID: 953787a4d6242dbd778f803fcb23bfe8">
      <![CDATA[org.openqa.selenium.remote.UnreachableBrowserException: Error communicating with the remote browser. It may have died.
Build info: version: '4.0.0-alpha-5', revision: 'b3a0d621cc'
System info: host: 'DESKTOP-M1AAM1H', ip: '192.168.56.1', os.name: 'Windows 10', os.arch: 'amd64', os.version: '10.0', java.version: '11.0.3'
Driver info: driver.version: RemoteWebDriver
Capabilities {acceptInsecureCerts: false, browserName: chrome, browserVersion: 84.0.4147.105, chrome: {chromedriverVersion: 84.0.4147.30 (48b3e868b4cc0..., userDataDir: C:\Users\sugat\AppData\Loca...}, goog:chromeOptions: {debuggerAddress: localhost:61015}, javascriptEnabled: true, networkConnectionEnabled: false, pageLoadStrategy: normal, platform: WINDOWS, platformName: WINDOWS, proxy: Proxy(), setWindowRect: true, strictFileInteractability: false, timeouts: {implicit: 0, pageLoad: 300000, script: 30000}, unhandledPromptBehavior: dismiss and notify, webauthn:virtualAuthenticators: true}
Session ID: 953787a4d6242dbd778f803fcb23bfe8
at org.openqa.selenium.remote.RemoteWebDriver.execute(RemoteWebDriver.java:603)
at org.openqa.selenium.remote.RemoteWebDriver.findElement(RemoteWebDriver.java:333)
at org.openqa.selenium.remote.RemoteWebDriver.findElementByXPath(RemoteWebDriver.java:451)
at org.openqa.selenium.By$ByXPath.findElement(By.java:394)
at org.openqa.selenium.remote.RemoteWebDriver.findElement(RemoteWebDriver.java:325)
at com.yourlogo.modules.Registration.enterPersonalInformation(Registration.java:55)
at com.yourlogo.test.Test_Registration.passwordBlank(Test_Registration.java:156)
at java.base/java.util.ArrayList.forEach(ArrayList.java:1540)
Caused by: java.lang.RuntimeException: NettyHttpHandler request execution error
at org.openqa.selenium.remote.http.netty.NettyHttpHandler.makeCall(NettyHttpHandler.java:72)
at org.openqa.selenium.remote.http.AddSeleniumUserAgent.lambda$apply$0(AddSeleniumUserAgent.java:42)
at org.openqa.selenium.remote.http.Filter.lambda$andFinally$1(Filter.java:55)
at org.openqa.selenium.remote.http.netty.NettyHttpHandler.execute(NettyHttpHandler.java:47)
at org.openqa.selenium.remote.http.AddSeleniumUserAgent.lambda$apply$0(AddSeleniumUserAgent.java:42)
at org.openqa.selenium.remote.http.Filter.lambda$andFinally$1(Filter.java:55)
at org.openqa.selenium.remote.http.netty.NettyClient.execute(NettyClient.java:47)
at org.openqa.selenium.remote.HttpCommandExecutor.execute(HttpCommandExecutor.java:158)
at org.openqa.selenium.remote.service.DriverCommandExecutor.execute(DriverCommandExecutor.java:83)
at org.openqa.selenium.remote.RemoteWebDriver.execute(RemoteWebDriver.java:582)
... 34 more
Caused by: java.util.concurrent.ExecutionException: java.util.concurrent.TimeoutException: Request timeout to localhost/127.0.0.1:43484 after 60000 ms
at java.base/java.util.concurrent.CompletableFuture.reportGet(CompletableFuture.java:395)
at java.base/java.util.concurrent.CompletableFuture.get(CompletableFuture.java:1999)
at org.asynchttpclient.netty.NettyResponseFuture.get(NettyResponseFuture.java:201)
at org.openqa.selenium.remote.http.netty.NettyHttpHandler.makeCall(NettyHttpHandler.java:57)
... 43 more
Caused by: java.util.concurrent.TimeoutException: Request timeout to localhost/127.0.0.1:43484 after 60000 ms
at org.asynchttpclient.netty.timeout.TimeoutTimerTask.expire(TimeoutTimerTask.java:43)
at org.asynchttpclient.netty.timeout.RequestTimeoutTimerTask.run(RequestTimeoutTimerTask.java:50)
at io.netty.util.HashedWheelTimer$HashedWheelTimeout.expire(HashedWheelTimer.java:672)
at io.netty.util.HashedWheelTimer$HashedWheelBucket.expireTimeouts(HashedWheelTimer.java:747)
at io.netty.util.HashedWheelTimer$Worker.run(HashedWheelTimer.java:472)
at io.netty.util.concurrent.FastThreadLocalRunnable.run(FastThreadLocalRunnable.java:30)
at java.base/java.lang.Thread.run(Thread.java:834)
... Removed 27 stack frames]]>
    </failure>
  </testcase> <!-- passwordBlank -->
  <testcase classname="com.yourlogo.test.Test_Registration" name="countryBlank" time="0.0">
    <ignored/>
  </testcase> <!-- countryBlank -->
  <testcase classname="com.yourlogo.test.Test_Registration" name="lastNameInvalid" time="0.0">
    <ignored/>
  </testcase> <!-- lastNameInvalid -->
  <testcase classname="com.yourlogo.test.Test_Registration" name="lastNameBlank" time="0.0">
    <ignored/>
  </testcase> <!-- lastNameBlank -->
  <testcase classname="com.yourlogo.test.Test_Registration" name="blankEmailId" time="0.0">
    <ignored/>
  </testcase> <!-- blankEmailId -->
  <testcase classname="com.yourlogo.test.Test_Registration" name="lastNameRepeatBlank" time="0.0">
    <ignored/>
  </testcase> <!-- lastNameRepeatBlank -->
  <testcase classname="com.yourlogo.test.Test_Registration" name="firstNameRepeatInvalid" time="0.0">
    <ignored/>
  </testcase> <!-- firstNameRepeatInvalid -->
  <testcase classname="com.yourlogo.test.Test_Registration" name="addressOneBlank" time="0.0">
    <ignored/>
  </testcase> <!-- addressOneBlank -->
  <testcase classname="com.yourlogo.test.Test_Registration" name="zipCodeBlank" time="0.0">
    <ignored/>
  </testcase> <!-- zipCodeBlank -->
  <testcase classname="com.yourlogo.test.Test_Registration" name="bothPhoneNumberBlank" time="0.0">
    <ignored/>
  </testcase> <!-- bothPhoneNumberBlank -->
  <testcase classname="com.yourlogo.test.Test_Registration" name="firstNameBlank" time="0.0">
    <ignored/>
  </testcase> <!-- firstNameBlank -->
  <testcase classname="com.yourlogo.test.Test_Registration" name="invalidEmailId" time="0.0">
    <ignored/>
  </testcase> <!-- invalidEmailId -->
  <testcase classname="com.yourlogo.test.Test_Registration" name="invalidHomePhone" time="0.0">
    <ignored/>
  </testcase> <!-- invalidHomePhone -->
  <testcase classname="com.yourlogo.test.Test_Registration" name="passwordLessThanFiveChars" time="0.0">
    <ignored/>
  </testcase> <!-- passwordLessThanFiveChars -->
  <testcase classname="com.yourlogo.test.Test_Registration" name="cityBlank" time="0.0">
    <ignored/>
  </testcase> <!-- cityBlank -->
  <testcase classname="com.yourlogo.test.Test_Registration" name="invalidMobilePhone" time="0.0">
    <ignored/>
  </testcase> <!-- invalidMobilePhone -->
  <testcase classname="com.yourlogo.test.Test_Registration" name="lastNameRepeatInvalid" time="0.0">
    <ignored/>
  </testcase> <!-- lastNameRepeatInvalid -->
  <testcase classname="com.yourlogo.test.Test_Registration" name="firstNameRepeatBlank" time="0.0">
    <ignored/>
  </testcase> <!-- firstNameRepeatBlank -->
  <testcase classname="com.yourlogo.test.Test_Registration" name="zipCodeInvalid" time="0.0">
    <ignored/>
  </testcase> <!-- zipCodeInvalid -->
  <testcase classname="com.yourlogo.test.Test_Registration" name="stateBlank" time="0.0">
    <ignored/>
  </testcase> <!-- stateBlank -->
  <testcase classname="com.yourlogo.test.Test_Registration" name="alreadyRegisteredEmailId" time="0.0">
    <ignored/>
  </testcase> <!-- alreadyRegisteredEmailId -->
</testsuite> <!-- Default test(failed) -->
