<?xml version="1.0" encoding="UTF-8"?>
<!-- Generated by org.testng.reporters.JUnitReportReporter -->
<testsuite hostname="DESKTOP-M1AAM1H" failures="0" tests="2" name="com.yourlogo.test.Test_Registration" time="13.390" errors="1" timestamp="2020-08-21T15:28:47 IST" skipped="1">
  <testcase classname="com.yourlogo.test.Test_Registration" name="registrationPreTest" time="13.390">
    <error message="session not created
from chrome not reachable
  (Session info: chrome=84.0.4147.125)
Build info: version: &#039;4.0.0-alpha-5&#039;, revision: &#039;b3a0d621cc&#039;
System info: host: &#039;DESKTOP-M1AAM1H&#039;, ip: &#039;192.168.56.1&#039;, os.name: &#039;Windows 10&#039;, os.arch: &#039;amd64&#039;, os.version: &#039;10.0&#039;, java.version: &#039;11.0.3&#039;
Driver info: driver.version: ChromeDriver
remote stacktrace: Backtrace:
	Ordinal0 [0x006787E3+2852835]
	Ordinal0 [0x00565BB1+1727409]
	Ordinal0 [0x0043E362+516962]
	Ordinal0 [0x00437D82+490882]
	Ordinal0 [0x0043846B+492651]
	Ordinal0 [0x004393C5+496581]
	Ordinal0 [0x00434D64+478564]
	Ordinal0 [0x0043F300+520960]
	Ordinal0 [0x003EE489+189577]
	Ordinal0 [0x003ED7FD+186365]
	Ordinal0 [0x003EB70B+177931]
	Ordinal0 [0x003D2584+75140]
	Ordinal0 [0x003D3650+79440]
	Ordinal0 [0x003D35E9+79337]
	Ordinal0 [0x0057AD5C+1813852]
	GetHandleVerifier [0x0079C616+1075574]
	GetHandleVerifier [0x0079C367+1074887]
	GetHandleVerifier [0x007A7497+1120247]
	GetHandleVerifier [0x0079CC16+1077110]
	Ordinal0 [0x00573206+1782278]
	Ordinal0 [0x0057C3BB+1819579]
	Ordinal0 [0x0057C523+1819939]
	Ordinal0 [0x00592B45+1911621]
	BaseThreadInitThunk [0x76DC6359+25]
	RtlGetAppContainerNamedObjectPath [0x77157C24+228]
	RtlGetAppContainerNamedObjectPath [0x77157BF4+180]
" type="org.openqa.selenium.SessionNotCreatedException">
      <![CDATA[org.openqa.selenium.SessionNotCreatedException: session not created
from chrome not reachable
  (Session info: chrome=84.0.4147.125)
Build info: version: '4.0.0-alpha-5', revision: 'b3a0d621cc'
System info: host: 'DESKTOP-M1AAM1H', ip: '192.168.56.1', os.name: 'Windows 10', os.arch: 'amd64', os.version: '10.0', java.version: '11.0.3'
Driver info: driver.version: ChromeDriver
remote stacktrace: Backtrace:
Ordinal0 [0x006787E3+2852835]
Ordinal0 [0x00565BB1+1727409]
Ordinal0 [0x0043E362+516962]
Ordinal0 [0x00437D82+490882]
Ordinal0 [0x0043846B+492651]
Ordinal0 [0x004393C5+496581]
Ordinal0 [0x00434D64+478564]
Ordinal0 [0x0043F300+520960]
Ordinal0 [0x003EE489+189577]
Ordinal0 [0x003ED7FD+186365]
Ordinal0 [0x003EB70B+177931]
Ordinal0 [0x003D2584+75140]
Ordinal0 [0x003D3650+79440]
Ordinal0 [0x003D35E9+79337]
Ordinal0 [0x0057AD5C+1813852]
GetHandleVerifier [0x0079C616+1075574]
GetHandleVerifier [0x0079C367+1074887]
GetHandleVerifier [0x007A7497+1120247]
GetHandleVerifier [0x0079CC16+1077110]
Ordinal0 [0x00573206+1782278]
Ordinal0 [0x0057C3BB+1819579]
Ordinal0 [0x0057C523+1819939]
Ordinal0 [0x00592B45+1911621]
BaseThreadInitThunk [0x76DC6359+25]
RtlGetAppContainerNamedObjectPath [0x77157C24+228]
RtlGetAppContainerNamedObjectPath [0x77157BF4+180]

at java.base/jdk.internal.reflect.NativeConstructorAccessorImpl.newInstance0(Native Method)
at java.base/jdk.internal.reflect.NativeConstructorAccessorImpl.newInstance(NativeConstructorAccessorImpl.java:62)
at java.base/jdk.internal.reflect.DelegatingConstructorAccessorImpl.newInstance(DelegatingConstructorAccessorImpl.java:45)
at java.base/java.lang.reflect.Constructor.newInstance(Constructor.java:490)
at org.openqa.selenium.remote.W3CHandshakeResponse.lambda$errorHandler$0(W3CHandshakeResponse.java:62)
at org.openqa.selenium.remote.HandshakeResponse.lambda$getResponseFunction$0(HandshakeResponse.java:30)
at org.openqa.selenium.remote.ProtocolHandshake.lambda$createSession$1(ProtocolHandshake.java:126)
at java.base/java.util.stream.ReferencePipeline$3$1.accept(ReferencePipeline.java:195)
at java.base/java.util.Spliterators$ArraySpliterator.tryAdvance(Spliterators.java:958)
at java.base/java.util.stream.ReferencePipeline.forEachWithCancel(ReferencePipeline.java:127)
at java.base/java.util.stream.AbstractPipeline.copyIntoWithCancel(AbstractPipeline.java:502)
at java.base/java.util.stream.AbstractPipeline.copyInto(AbstractPipeline.java:488)
at java.base/java.util.stream.AbstractPipeline.wrapAndCopyInto(AbstractPipeline.java:474)
at java.base/java.util.stream.FindOps$FindOp.evaluateSequential(FindOps.java:150)
at java.base/java.util.stream.AbstractPipeline.evaluate(AbstractPipeline.java:234)
at java.base/java.util.stream.ReferencePipeline.findFirst(ReferencePipeline.java:543)
at org.openqa.selenium.remote.ProtocolHandshake.createSession(ProtocolHandshake.java:128)
at org.openqa.selenium.remote.ProtocolHandshake.createSession(ProtocolHandshake.java:75)
at org.openqa.selenium.remote.HttpCommandExecutor.execute(HttpCommandExecutor.java:139)
at org.openqa.selenium.remote.service.DriverCommandExecutor.execute(DriverCommandExecutor.java:83)
at org.openqa.selenium.remote.RemoteWebDriver.execute(RemoteWebDriver.java:582)
at org.openqa.selenium.remote.RemoteWebDriver.startSession(RemoteWebDriver.java:216)
at org.openqa.selenium.remote.RemoteWebDriver.<init>(RemoteWebDriver.java:136)
at org.openqa.selenium.chromium.ChromiumDriver.<init>(ChromiumDriver.java:75)
at org.openqa.selenium.chrome.ChromeDriver.<init>(ChromeDriver.java:163)
at org.openqa.selenium.chrome.ChromeDriver.<init>(ChromeDriver.java:150)
at org.openqa.selenium.chrome.ChromeDriver.<init>(ChromeDriver.java:105)
at com.yourlogo.base.Setup.<init>(Setup.java:52)
at com.yourlogo.modules.Registration.<init>(Registration.java:29)
at com.yourlogo.test.Test_Registration.registrationPreTest(Test_Registration.java:24)
at java.base/jdk.internal.reflect.NativeMethodAccessorImpl.invoke0(Native Method)
at java.base/jdk.internal.reflect.NativeMethodAccessorImpl.invoke(NativeMethodAccessorImpl.java:62)
at java.base/jdk.internal.reflect.DelegatingMethodAccessorImpl.invoke(DelegatingMethodAccessorImpl.java:43)
at java.base/java.lang.reflect.Method.invoke(Method.java:566)
at org.testng.internal.MethodInvocationHelper.invokeMethod(MethodInvocationHelper.java:134)
at org.testng.internal.MethodInvocationHelper.invokeMethodConsideringTimeout(MethodInvocationHelper.java:63)
at org.testng.internal.ConfigInvoker.invokeConfigurationMethod(ConfigInvoker.java:348)
at org.testng.internal.ConfigInvoker.invokeConfigurations(ConfigInvoker.java:302)
at org.testng.internal.TestInvoker.runConfigMethods(TestInvoker.java:695)
at org.testng.internal.TestInvoker.invokeMethod(TestInvoker.java:523)
at org.testng.internal.TestInvoker.invokeTestMethod(TestInvoker.java:173)
at org.testng.internal.MethodRunner.runInSequence(MethodRunner.java:46)
at org.testng.internal.TestInvoker$MethodInvocationAgent.invoke(TestInvoker.java:816)
at org.testng.internal.TestInvoker.invokeTestMethods(TestInvoker.java:146)
at org.testng.internal.TestMethodWorker.invokeTestMethods(TestMethodWorker.java:146)
at org.testng.internal.TestMethodWorker.run(TestMethodWorker.java:128)
at java.base/java.util.ArrayList.forEach(ArrayList.java:1540)
at org.testng.TestRunner.privateRun(TestRunner.java:766)
at org.testng.TestRunner.run(TestRunner.java:587)
at org.testng.SuiteRunner.runTest(SuiteRunner.java:384)
at org.testng.SuiteRunner.runSequentially(SuiteRunner.java:378)
at org.testng.SuiteRunner.privateRun(SuiteRunner.java:337)
at org.testng.SuiteRunner.run(SuiteRunner.java:286)
at org.testng.SuiteRunnerWorker.runSuite(SuiteRunnerWorker.java:53)
at org.testng.SuiteRunnerWorker.run(SuiteRunnerWorker.java:96)
at org.testng.TestNG.runSuitesSequentially(TestNG.java:1187)
at org.testng.TestNG.runSuitesLocally(TestNG.java:1109)
at org.testng.TestNG.runSuites(TestNG.java:1039)
at org.testng.TestNG.run(TestNG.java:1007)
at org.testng.remote.AbstractRemoteTestNG.run(AbstractRemoteTestNG.java:115)
at org.testng.remote.RemoteTestNG.initAndRun(RemoteTestNG.java:251)
at org.testng.remote.RemoteTestNG.main(RemoteTestNG.java:77)
]]>
    </error>
  </testcase> <!-- registrationPreTest -->
  <system-out/>
  <testcase classname="com.yourlogo.test.Test_Registration" name="firstNameInvalid" time="0.000">
    <skipped/>
  </testcase> <!-- firstNameInvalid -->
  <system-out/>
</testsuite> <!-- com.yourlogo.test.Test_Registration -->
