<html>
<head>
<title>TestNG:  Default test</title>
<link href="../testng.css" rel="stylesheet" type="text/css" />
<link href="../my-testng.css" rel="stylesheet" type="text/css" />

<style type="text/css">
.log { display: none;} 
.stack-trace { display: none;} 
</style>
<script type="text/javascript">
<!--
function flip(e) {
  current = e.style.display;
  if (current == 'block') {
    e.style.display = 'none';
    return 0;
  }
  else {
    e.style.display = 'block';
    return 1;
  }
}

function toggleBox(szDivId, elem, msg1, msg2)
{
  var res = -1;  if (document.getElementById) {
    res = flip(document.getElementById(szDivId));
  }
  else if (document.all) {
    // this is the way old msie versions work
    res = flip(document.all[szDivId]);
  }
  if(elem) {
    if(res == 0) elem.innerHTML = msg1; else elem.innerHTML = msg2;
  }

}

function toggleAllBoxes() {
  if (document.getElementsByTagName) {
    d = document.getElementsByTagName('div');
    for (i = 0; i < d.length; i++) {
      if (d[i].className == 'log') {
        flip(d[i]);
      }
    }
  }
}

// -->
</script>

</head>
<body>
<h2 align='center'>Default test</h2><table border='1' align="center">
<tr>
<td>Tests passed/Failed/Skipped:</td><td>4/1/0</td>
</tr><tr>
<td>Started on:</td><td>Mon Aug 24 09:41:17 IST 2020</td>
</tr>
<tr><td>Total time:</td><td>80 seconds (80397 ms)</td>
</tr><tr>
<td>Included groups:</td><td></td>
</tr><tr>
<td>Excluded groups:</td><td></td>
</tr>
</table><p/>
<small><i>(Hover the method name to see the test class name)</i></small><p/>
<table width='100%' border='1' class='invocation-failed'>
<tr><td colspan='4' align='center'><b>FAILED TESTS</b></td></tr>
<tr><td><b>Test method</b></td>
<td width="30%"><b>Exception</b></td>
<td width="10%"><b>Time (seconds)</b></td>
<td><b>Instance</b></td>
</tr>
<tr>
<td title='com.yourlogo.test.Test_Login.validLogin()'><b>validLogin</b><br>Test class: com.yourlogo.test.Test_Login<br/>
<a href="#Output-1620368915" onClick='toggleBox("Output-1620368915", this, "Show output", "Hide output");'>Show output</a>

<a href="#Output-1620368915" onClick="toggleAllBoxes();">Show all outputs</a>
<div class='log' id="Output-1620368915">
[INFO] : Setting up Test Data for Login module<br/>
[INFO] : Application Started<br/>
[INFO] : Enter login details and click on SignIn<br/>
</div>
</td>
<td><div><pre>java.lang.AssertionError: expected [true] but found [false]
	at org.testng.Assert.fail(Assert.java:97)
	at org.testng.Assert.failNotEquals(Assert.java:969)
	at org.testng.Assert.assertTrue(Assert.java:43)
	at org.testng.Assert.assertTrue(Assert.java:53)
	at com.yourlogo.test.Test_Login.validLogin(Test_Login.java:102)
	at java.base/jdk.internal.reflect.NativeMethodAccessorImpl.invoke0(Native Method)
	at java.base/jdk.internal.reflect.NativeMethodAccessorImpl.invoke(NativeMethodAccessorImpl.java:62)
	at java.base/jdk.internal.reflect.DelegatingMethodAccessorImpl.invoke(DelegatingMethodAccessorImpl.java:43)
	at java.base/java.lang.reflect.Method.invoke(Method.java:566)
	at org.testng.internal.MethodInvocationHelper.invokeMethod(MethodInvocationHelper.java:134)
	at org.testng.internal.TestInvoker.invokeMethod(TestInvoker.java:597)
	at org.testng.internal.TestInvoker.invokeTestMethod(TestInvoker.java:173)
	at org.testng.internal.MethodRunner.runInSequence(MethodRunner.java:46)
	at org.testng.internal.TestInvoker$MethodInvocationAgent.invoke(TestInvoker.java:816)
	at org.testng.internal.TestInvoker.invokeTestMethods(TestInvoker.java:146)
	at org.testng.internal.TestMethodWorker.invokeTestMethods(TestMethodWorker.java:146)
	at org.testng.internal.TestMethodWorker.run(TestMethodWorker.java:128)
	at java.base/java.util.ArrayList.forEach(ArrayList.java:1540)
	at org.testng.TestRunner.privateRun(TestRunner.java:766)
	at org.testng.TestRunner.run(TestRunner.java:587)
	at org.testng.SuiteRunner.runTest(SuiteRunner.java:384)
	at org.testng.SuiteRunner.runSequentially(SuiteRunner.java:378)
	at org.testng.SuiteRunner.privateRun(SuiteRunner.java:337)
	at org.testng.SuiteRunner.run(SuiteRunner.java:286)
	at org.testng.SuiteRunnerWorker.runSuite(SuiteRunnerWorker.java:53)
	at org.testng.SuiteRunnerWorker.run(SuiteRunnerWorker.java:96)
	at org.testng.TestNG.runSuitesSequentially(TestNG.java:1187)
	at org.testng.TestNG.runSuitesLocally(TestNG.java:1109)
	at org.testng.TestNG.runSuites(TestNG.java:1039)
	at org.testng.TestNG.run(TestNG.java:1007)
	at org.testng.remote.AbstractRemoteTestNG.run(AbstractRemoteTestNG.java:115)
	at org.testng.remote.RemoteTestNG.initAndRun(RemoteTestNG.java:251)
	at org.testng.remote.RemoteTestNG.main(RemoteTestNG.java:77)
</pre></div><a href='#' onClick='toggleBox("stack-trace1620368915", this, "Click to show all stack frames", "Click to hide stack frames")'>Click to show all stack frames</a>
<div class='stack-trace' id='stack-trace1620368915'><pre>java.lang.AssertionError: expected [true] but found [false]
	at org.testng.Assert.fail(Assert.java:97)
	at org.testng.Assert.failNotEquals(Assert.java:969)
	at org.testng.Assert.assertTrue(Assert.java:43)
	at org.testng.Assert.assertTrue(Assert.java:53)
	at com.yourlogo.test.Test_Login.validLogin(Test_Login.java:102)
	at java.base/jdk.internal.reflect.NativeMethodAccessorImpl.invoke0(Native Method)
	at java.base/jdk.internal.reflect.NativeMethodAccessorImpl.invoke(NativeMethodAccessorImpl.java:62)
	at java.base/jdk.internal.reflect.DelegatingMethodAccessorImpl.invoke(DelegatingMethodAccessorImpl.java:43)
	at java.base/java.lang.reflect.Method.invoke(Method.java:566)
	at org.testng.internal.MethodInvocationHelper.invokeMethod(MethodInvocationHelper.java:134)
	at org.testng.internal.TestInvoker.invokeMethod(TestInvoker.java:597)
	at org.testng.internal.TestInvoker.invokeTestMethod(TestInvoker.java:173)
	at org.testng.internal.MethodRunner.runInSequence(MethodRunner.java:46)
	at org.testng.internal.TestInvoker$MethodInvocationAgent.invoke(TestInvoker.java:816)
	at org.testng.internal.TestInvoker.invokeTestMethods(TestInvoker.java:146)
	at org.testng.internal.TestMethodWorker.invokeTestMethods(TestMethodWorker.java:146)
	at org.testng.internal.TestMethodWorker.run(TestMethodWorker.java:128)
	at java.base/java.util.ArrayList.forEach(ArrayList.java:1540)
	at org.testng.TestRunner.privateRun(TestRunner.java:766)
	at org.testng.TestRunner.run(TestRunner.java:587)
	at org.testng.SuiteRunner.runTest(SuiteRunner.java:384)
	at org.testng.SuiteRunner.runSequentially(SuiteRunner.java:378)
	at org.testng.SuiteRunner.privateRun(SuiteRunner.java:337)
	at org.testng.SuiteRunner.run(SuiteRunner.java:286)
	at org.testng.SuiteRunnerWorker.runSuite(SuiteRunnerWorker.java:53)
	at org.testng.SuiteRunnerWorker.run(SuiteRunnerWorker.java:96)
	at org.testng.TestNG.runSuitesSequentially(TestNG.java:1187)
	at org.testng.TestNG.runSuitesLocally(TestNG.java:1109)
	at org.testng.TestNG.runSuites(TestNG.java:1039)
	at org.testng.TestNG.run(TestNG.java:1007)
	at org.testng.remote.AbstractRemoteTestNG.run(AbstractRemoteTestNG.java:115)
	at org.testng.remote.RemoteTestNG.initAndRun(RemoteTestNG.java:251)
	at org.testng.remote.RemoteTestNG.main(RemoteTestNG.java:77)
</pre></div></td>
<td>10</td>
<td>com.yourlogo.test.Test_Login@20f5239f</td></tr>
</table><p>
<table width='100%' border='1' class='invocation-passed'>
<tr><td colspan='4' align='center'><b>PASSED TESTS</b></td></tr>
<tr><td><b>Test method</b></td>
<td width="30%"><b>Exception</b></td>
<td width="10%"><b>Time (seconds)</b></td>
<td><b>Instance</b></td>
</tr>
<tr>
<td title='com.yourlogo.test.Test_Login.emailIdBlank()'><b>emailIdBlank</b><br>Test class: com.yourlogo.test.Test_Login<br/>
<a href="#Output-1670627211" onClick='toggleBox("Output-1670627211", this, "Show output", "Hide output");'>Show output</a>

<a href="#Output-1670627211" onClick="toggleAllBoxes();">Show all outputs</a>
<div class='log' id="Output-1670627211">
[INFO] : Setting up Test Data for Login module<br/>
[INFO] : Application Started<br/>
[INFO] : Enter login details and click on SignIn<br/>
</div>
</td>
<td></td>
<td>12</td>
<td>com.yourlogo.test.Test_Login@20f5239f</td></tr>
<tr>
<td title='com.yourlogo.test.Test_Login.invalidEmailId()'><b>invalidEmailId</b><br>Test class: com.yourlogo.test.Test_Login<br/>
<a href="#Output-2053481312" onClick='toggleBox("Output-2053481312", this, "Show output", "Hide output");'>Show output</a>

<a href="#Output-2053481312" onClick="toggleAllBoxes();">Show all outputs</a>
<div class='log' id="Output-2053481312">
[INFO] : Setting up Test Data for Login module<br/>
[INFO] : Application Started<br/>
[INFO] : Enter login details and click on SignIn<br/>
</div>
</td>
<td></td>
<td>10</td>
<td>com.yourlogo.test.Test_Login@20f5239f</td></tr>
<tr>
<td title='com.yourlogo.test.Test_Login.invalidPassword()'><b>invalidPassword</b><br>Test class: com.yourlogo.test.Test_Login<br/>
<a href="#Output-1546727972" onClick='toggleBox("Output-1546727972", this, "Show output", "Hide output");'>Show output</a>

<a href="#Output-1546727972" onClick="toggleAllBoxes();">Show all outputs</a>
<div class='log' id="Output-1546727972">
[INFO] : Setting up Test Data for Login module<br/>
[INFO] : Application Started<br/>
[INFO] : Enter login details and click on SignIn<br/>
</div>
</td>
<td></td>
<td>10</td>
<td>com.yourlogo.test.Test_Login@20f5239f</td></tr>
<tr>
<td title='com.yourlogo.test.Test_Login.passwordBlank()'><b>passwordBlank</b><br>Test class: com.yourlogo.test.Test_Login<br/>
<a href="#Output-382762227" onClick='toggleBox("Output-382762227", this, "Show output", "Hide output");'>Show output</a>

<a href="#Output-382762227" onClick="toggleAllBoxes();">Show all outputs</a>
<div class='log' id="Output-382762227">
[INFO] : Setting up Test Data for Login module<br/>
[INFO] : Application Started<br/>
[INFO] : Enter login details and click on SignIn<br/>
</div>
</td>
<td></td>
<td>10</td>
<td>com.yourlogo.test.Test_Login@20f5239f</td></tr>
</table><p>
</body>
</html>