<?xml version="1.0" encoding="UTF-8"?>
<!-- Generated by org.testng.reporters.JUnitXMLReporter -->
<testsuite ignored="21" hostname="DESKTOP-M1AAM1H" failures="1" tests="1" name="Default test(failed)(failed)(failed)" time="42.125" errors="0" timestamp="2020-08-09T15:13:33 IST">
  <testcase classname="com.yourlogo.test.Test_Registration" name="@AfterMethod registrationPostTest" time="0.042">
    <failure type="org.openqa.selenium.NoSuchWindowException" message="no such window: target window already closed
from unknown error: web view not found
  (Session info: chrome=84.0.4147.105)
Build info: version: &amp;apos;4.0.0-alpha-5&amp;apos;, revision: &amp;apos;b3a0d621cc&amp;apos;
System info: host: &amp;apos;DESKTOP-M1AAM1H&amp;apos;, ip: &amp;apos;192.168.56.1&amp;apos;, os.name: &amp;apos;Windows 10&amp;apos;, os.arch: &amp;apos;amd64&amp;apos;, os.version: &amp;apos;10.0&amp;apos;, java.version: &amp;apos;11.0.3&amp;apos;
Driver info: org.openqa.selenium.chrome.ChromeDriver
Capabilities {acceptInsecureCerts: false, browserName: chrome, browserVersion: 84.0.4147.105, chrome: {chromedriverVersion: 84.0.4147.30 (48b3e868b4cc0..., userDataDir: C:\Users\sugat\AppData\Loca...}, goog:chromeOptions: {debuggerAddress: localhost:61398}, javascriptEnabled: true, networkConnectionEnabled: false, pageLoadStrategy: normal, platform: WINDOWS, platformName: WINDOWS, proxy: Proxy(), setWindowRect: true, strictFileInteractability: false, timeouts: {implicit: 0, pageLoad: 300000, script: 30000}, unhandledPromptBehavior: dismiss and notify, webauthn:virtualAuthenticators: true}
Session ID: a63c55912342397b6a06df696a1a169f">
      <![CDATA[org.openqa.selenium.NoSuchWindowException: no such window: target window already closed
from unknown error: web view not found
  (Session info: chrome=84.0.4147.105)
Build info: version: '4.0.0-alpha-5', revision: 'b3a0d621cc'
System info: host: 'DESKTOP-M1AAM1H', ip: '192.168.56.1', os.name: 'Windows 10', os.arch: 'amd64', os.version: '10.0', java.version: '11.0.3'
Driver info: org.openqa.selenium.chrome.ChromeDriver
Capabilities {acceptInsecureCerts: false, browserName: chrome, browserVersion: 84.0.4147.105, chrome: {chromedriverVersion: 84.0.4147.30 (48b3e868b4cc0..., userDataDir: C:\Users\sugat\AppData\Loca...}, goog:chromeOptions: {debuggerAddress: localhost:61398}, javascriptEnabled: true, networkConnectionEnabled: false, pageLoadStrategy: normal, platform: WINDOWS, platformName: WINDOWS, proxy: Proxy(), setWindowRect: true, strictFileInteractability: false, timeouts: {implicit: 0, pageLoad: 300000, script: 30000}, unhandledPromptBehavior: dismiss and notify, webauthn:virtualAuthenticators: true}
Session ID: a63c55912342397b6a06df696a1a169f
at org.openqa.selenium.remote.codec.w3c.W3CHttpResponseCodec.createException(W3CHttpResponseCodec.java:196)
at org.openqa.selenium.remote.codec.w3c.W3CHttpResponseCodec.decode(W3CHttpResponseCodec.java:129)
at org.openqa.selenium.remote.codec.w3c.W3CHttpResponseCodec.decode(W3CHttpResponseCodec.java:53)
at org.openqa.selenium.remote.HttpCommandExecutor.execute(HttpCommandExecutor.java:161)
at org.openqa.selenium.remote.service.DriverCommandExecutor.execute(DriverCommandExecutor.java:83)
at org.openqa.selenium.remote.RemoteWebDriver.execute(RemoteWebDriver.java:582)
at org.openqa.selenium.remote.RemoteWebDriver.execute(RemoteWebDriver.java:639)
at org.openqa.selenium.remote.RemoteWebDriver.execute(RemoteWebDriver.java:643)
at org.openqa.selenium.remote.RemoteWebDriver.getScreenshotAs(RemoteWebDriver.java:303)
at com.yourlogo.base.Setup.takeScreenshot(Setup.java:71)
at com.yourlogo.test.Test_Registration.registrationPostTest(Test_Registration.java:427)
at java.base/java.util.ArrayList.forEach(ArrayList.java:1540)
... Removed 36 stack frames]]>
    </failure>
  </testcase> <!-- @AfterMethod registrationPostTest -->
  <testcase classname="com.yourlogo.test.Test_Registration" name="passwordBlank" time="35.71">
    <failure type="org.openqa.selenium.NoSuchElementException" message="Cannot locate an element using xpath=//input[@id=&amp;apos;id_gender1&amp;apos;]
For documentation on this error, please visit: https://selenium.dev/exceptions/#no_such_element
Build info: version: &amp;apos;4.0.0-alpha-5&amp;apos;, revision: &amp;apos;b3a0d621cc&amp;apos;
System info: host: &amp;apos;DESKTOP-M1AAM1H&amp;apos;, ip: &amp;apos;192.168.56.1&amp;apos;, os.name: &amp;apos;Windows 10&amp;apos;, os.arch: &amp;apos;amd64&amp;apos;, os.version: &amp;apos;10.0&amp;apos;, java.version: &amp;apos;11.0.3&amp;apos;
Driver info: driver.version: RemoteWebDriver">
      <![CDATA[org.openqa.selenium.NoSuchElementException: Cannot locate an element using xpath=//input[@id='id_gender1']
For documentation on this error, please visit: https://selenium.dev/exceptions/#no_such_element
Build info: version: '4.0.0-alpha-5', revision: 'b3a0d621cc'
System info: host: 'DESKTOP-M1AAM1H', ip: '192.168.56.1', os.name: 'Windows 10', os.arch: 'amd64', os.version: '10.0', java.version: '11.0.3'
Driver info: driver.version: RemoteWebDriver
at org.openqa.selenium.remote.RemoteWebDriver.findElement(RemoteWebDriver.java:336)
at org.openqa.selenium.remote.RemoteWebDriver.findElementByXPath(RemoteWebDriver.java:451)
at org.openqa.selenium.By$ByXPath.findElement(By.java:394)
at org.openqa.selenium.remote.RemoteWebDriver.findElement(RemoteWebDriver.java:325)
at com.yourlogo.modules.Registration.enterPersonalInformation(Registration.java:55)
at com.yourlogo.test.Test_Registration.passwordBlank(Test_Registration.java:156)
at java.base/java.util.ArrayList.forEach(ArrayList.java:1540)
... Removed 27 stack frames]]>
    </failure>
  </testcase> <!-- passwordBlank -->
  <testcase classname="com.yourlogo.test.Test_Registration" name="countryBlank" time="0.0">
    <ignored/>
  </testcase> <!-- countryBlank -->
  <testcase classname="com.yourlogo.test.Test_Registration" name="lastNameInvalid" time="0.0">
    <ignored/>
  </testcase> <!-- lastNameInvalid -->
  <testcase classname="com.yourlogo.test.Test_Registration" name="lastNameBlank" time="0.0">
    <ignored/>
  </testcase> <!-- lastNameBlank -->
  <testcase classname="com.yourlogo.test.Test_Registration" name="blankEmailId" time="0.0">
    <ignored/>
  </testcase> <!-- blankEmailId -->
  <testcase classname="com.yourlogo.test.Test_Registration" name="lastNameRepeatBlank" time="0.0">
    <ignored/>
  </testcase> <!-- lastNameRepeatBlank -->
  <testcase classname="com.yourlogo.test.Test_Registration" name="firstNameRepeatInvalid" time="0.0">
    <ignored/>
  </testcase> <!-- firstNameRepeatInvalid -->
  <testcase classname="com.yourlogo.test.Test_Registration" name="addressOneBlank" time="0.0">
    <ignored/>
  </testcase> <!-- addressOneBlank -->
  <testcase classname="com.yourlogo.test.Test_Registration" name="zipCodeBlank" time="0.0">
    <ignored/>
  </testcase> <!-- zipCodeBlank -->
  <testcase classname="com.yourlogo.test.Test_Registration" name="bothPhoneNumberBlank" time="0.0">
    <ignored/>
  </testcase> <!-- bothPhoneNumberBlank -->
  <testcase classname="com.yourlogo.test.Test_Registration" name="firstNameBlank" time="0.0">
    <ignored/>
  </testcase> <!-- firstNameBlank -->
  <testcase classname="com.yourlogo.test.Test_Registration" name="invalidEmailId" time="0.0">
    <ignored/>
  </testcase> <!-- invalidEmailId -->
  <testcase classname="com.yourlogo.test.Test_Registration" name="invalidHomePhone" time="0.0">
    <ignored/>
  </testcase> <!-- invalidHomePhone -->
  <testcase classname="com.yourlogo.test.Test_Registration" name="firstNameInvalid" time="0.0">
    <ignored/>
  </testcase> <!-- firstNameInvalid -->
  <testcase classname="com.yourlogo.test.Test_Registration" name="passwordLessThanFiveChars" time="0.0">
    <ignored/>
  </testcase> <!-- passwordLessThanFiveChars -->
  <testcase classname="com.yourlogo.test.Test_Registration" name="cityBlank" time="0.0">
    <ignored/>
  </testcase> <!-- cityBlank -->
  <testcase classname="com.yourlogo.test.Test_Registration" name="invalidMobilePhone" time="0.0">
    <ignored/>
  </testcase> <!-- invalidMobilePhone -->
  <testcase classname="com.yourlogo.test.Test_Registration" name="lastNameRepeatInvalid" time="0.0">
    <ignored/>
  </testcase> <!-- lastNameRepeatInvalid -->
  <testcase classname="com.yourlogo.test.Test_Registration" name="firstNameRepeatBlank" time="0.0">
    <ignored/>
  </testcase> <!-- firstNameRepeatBlank -->
  <testcase classname="com.yourlogo.test.Test_Registration" name="zipCodeInvalid" time="0.0">
    <ignored/>
  </testcase> <!-- zipCodeInvalid -->
  <testcase classname="com.yourlogo.test.Test_Registration" name="stateBlank" time="0.0">
    <ignored/>
  </testcase> <!-- stateBlank -->
  <testcase classname="com.yourlogo.test.Test_Registration" name="alreadyRegisteredEmailId" time="0.0">
    <ignored/>
  </testcase> <!-- alreadyRegisteredEmailId -->
</testsuite> <!-- Default test(failed)(failed)(failed) -->
